<?xml version="1.0" encoding="UTF-8"?>
<testsuite xmlns:xsi="http://www.w3.org/2001/XMLSchema-instance" xsi:noNamespaceSchemaLocation="https://maven.apache.org/surefire/maven-surefire-plugin/xsd/surefire-test-report.xsd" version="3.0.2" name="com.mycompany.sunrisedentalclinic.AppointmentServiceTest" time="0.037" tests="7" errors="0" skipped="0" failures="0">
  <properties>
[...]
</properties>
  <testcase name="doubleBookedSlotShouldBeRejected" classname="com.mycompany.sunrisedentalclinic.AppointmentServiceTest" time="0.015"/>
  <testcase name="appointmentOutsideDentistHoursShouldBeRejected" classname="com.mycompany.sunrisedentalclinic.AppointmentServiceTest" time="0.003"/>
  <testcase name="invalidDentistShouldBeRejected" classname="com.mycompany.sunrisedentalclinic.AppointmentServiceTest" time="0.002"/>
  <testcase name="missingAppointmentDateShouldBeRejected" classname="com.mycompany.sunrisedentalclinic.AppointmentServiceTest" time="0.002"/>
  <testcase name="missingAppointmentTimeShouldBeRejected" classname="com.mycompany.sunrisedentalclinic.AppointmentServiceTest" time="0.002"/>
  <testcase name="pastAppointmentDateShouldBeRejected" classname="com.mycompany.sunrisedentalclinic.AppointmentServiceTest" time="0.002"/>
  <testcase name="availableAppointmentShouldBeAccepted" classname="com.mycompany.sunrisedentalclinic.AppointmentServiceTest" time="0.002"/>
</testsuite>